<?xml version="1.0" encoding="UTF-8"?>
<!-- Generated by org.testng.reporters.JUnitReportReporter -->
<testsuite skipped="0" hostname="libi-PC" name="NewTest" tests="5" failures="0" timestamp="07 Dec 2018 09:43:12 GMT" time="41.969" errors="0">
  <testcase name="test_1" time="10.964" classname="NewTest"/>
  <testcase name="test_3" time="7.721" classname="NewTest"/>
  <testcase name="test_5" time="7.314" classname="NewTest"/>
  <testcase name="test_2" time="7.688" classname="NewTest"/>
  <testcase name="test_4" time="8.282" classname="NewTest"/>
</testsuite> <!-- NewTest -->
